# JRE version: OpenJDK Runtime Environment Temurin-17.0.6+10 (17.0.6+10) (build 17.0.6+10)
# Java VM: OpenJDK 64-Bit Server VM Temurin-17.0.6+10 (17.0.6+10, mixed mode, emulated-client, tiered, compressed oops, compressed class ptrs, g1 gc, windows-amd64)
GC Precious Log:
 CPUs: 8 total, 8 available
 Memory: 7792M
 Large Page Support: Disabled
 NUMA Support: Disabled
 Compressed Oops: Enabled (32-bit)
 Heap Region Size: 1M
 Heap Min Capacity: 8M
 Heap Initial Capacity: 122M
 Heap Max Capacity: 1G
 Pre-touch: Disabled
 Parallel Workers: 8
 Concurrent Workers: 2
 Concurrent Refinement Workers: 8
 Periodic GC: Disabled
Heap:
 garbage-first heap   total 283648K, used 94176K [0x00000000c0000000, 0x0000000100000000)
  region size 1024K, 1 young (1024K), 0 survivors (0K)
 Metaspace       used 70902K, committed 71424K, reserved 1114112K
  class space    used 9632K, committed 9856K, reserved 1048576K
GC Heap History (20 events):
Event: 47316.102 GC heap before
{Heap before GC invocations=885 (full 752):
 garbage-first heap   total 283648K, used 94176K [0x00000000c0000000, 0x0000000100000000)
  region size 1024K, 1 young (1024K), 0 survivors (0K)
 Metaspace       used 70902K, committed 71424K, reserved 1114112K
  class space    used 9632K, committed 9856K, reserved 1048576K
}
Event: 47316.189 GC heap after
{Heap after GC invocations=886 (full 753):
 garbage-first heap   total 283648K, used 94176K [0x00000000c0000000, 0x0000000100000000)
  region size 1024K, 0 young (0K), 0 survivors (0K)
 Metaspace       used 70902K, committed 71424K, reserved 1114112K
  class space    used 9632K, committed 9856K, reserved 1048576K
}
Event: 47327.643 GC heap before
{Heap before GC invocations=886 (full 753):
 garbage-first heap   total 283648K, used 94176K [0x00000000c0000000, 0x0000000100000000)
  region size 1024K, 1 young (1024K), 0 survivors (0K)
 Metaspace       used 70902K, committed 71424K, reserved 1114112K
  class space    used 9632K, committed 9856K, reserved 1048576K
}
Event: 47327.756 GC heap after
{Heap after GC invocations=887 (full 754):
 garbage-first heap   total 283648K, used 94176K [0x00000000c0000000, 0x0000000100000000)
  region size 1024K, 0 young (0K), 0 survivors (0K)
 Metaspace       used 70902K, committed 71424K, reserved 1114112K
  class space    used 9632K, committed 9856K, reserved 1048576K
}
Event: 47338.209 GC heap before
{Heap before GC invocations=887 (full 754):
 garbage-first heap   total 283648K, used 94176K [0x00000000c0000000, 0x0000000100000000)
  region size 1024K, 1 young (1024K), 0 survivors (0K)
 Metaspace       used 70902K, committed 71424K, reserved 1114112K
  class space    used 9632K, committed 9856K, reserved 1048576K
}
Event: 47338.306 GC heap after
{Heap after GC invocations=888 (full 755):
 garbage-first heap   total 283648K, used 94176K [0x00000000c0000000, 0x0000000100000000)
  region size 1024K, 0 young (0K), 0 survivors (0K)
 Metaspace       used 70902K, committed 71424K, reserved 1114112K
  class space    used 9632K, committed 9856K, reserved 1048576K
}
Event: 47351.667 GC heap before
{Heap before GC invocations=888 (full 755):
 garbage-first heap   total 283648K, used 94176K [0x00000000c0000000, 0x0000000100000000)
  region size 1024K, 1 young (1024K), 0 survivors (0K)
 Metaspace       used 70902K, committed 71424K, reserved 1114112K
  class space    used 9632K, committed 9856K, reserved 1048576K
}
Event: 47351.766 GC heap after
{Heap after GC invocations=889 (full 756):
 garbage-first heap   total 283648K, used 94176K [0x00000000c0000000, 0x0000000100000000)
  region size 1024K, 0 young (0K), 0 survivors (0K)
 Metaspace       used 70902K, committed 71424K, reserved 1114112K
  class space    used 9632K, committed 9856K, reserved 1048576K
}
Event: 47362.366 GC heap before
{Heap before GC invocations=889 (full 756):
 garbage-first heap   total 283648K, used 94176K [0x00000000c0000000, 0x0000000100000000)
  region size 1024K, 1 young (1024K), 0 survivors (0K)
 Metaspace       used 70902K, committed 71424K, reserved 1114112K
  class space    used 9632K, committed 9856K, reserved 1048576K
}
Event: 47362.451 GC heap after
{Heap after GC invocations=890 (full 757):
 garbage-first heap   total 283648K, used 94176K [0x00000000c0000000, 0x0000000100000000)
  region size 1024K, 0 young (0K), 0 survivors (0K)
 Metaspace       used 70902K, committed 71424K, reserved 1114112K
  class space    used 9632K, committed 9856K, reserved 1048576K
}
Event: 47372.757 GC heap before
{Heap before GC invocations=890 (full 757):
 garbage-first heap   total 283648K, used 94176K [0x00000000c0000000, 0x0000000100000000)
  region size 1024K, 1 young (1024K), 0 survivors (0K)
 Metaspace       used 70902K, committed 71424K, reserved 1114112K
  class space    used 9632K, committed 9856K, reserved 1048576K
}
Event: 47372.833 GC heap after
{Heap after GC invocations=891 (full 758):
 garbage-first heap   total 283648K, used 94176K [0x00000000c0000000, 0x0000000100000000)
  region size 1024K, 0 young (0K), 0 survivors (0K)
 Metaspace       used 70902K, committed 71424K, reserved 1114112K
  class space    used 9632K, committed 9856K, reserved 1048576K
}
Event: 47383.099 GC heap before
{Heap before GC invocations=891 (full 758):
 garbage-first heap   total 283648K, used 94176K [0x00000000c0000000, 0x0000000100000000)
  region size 1024K, 1 young (1024K), 0 survivors (0K)
 Metaspace       used 70902K, committed 71424K, reserved 1114112K
  class space    used 9632K, committed 9856K, reserved 1048576K
}
Event: 47383.182 GC heap after
{Heap after GC invocations=892 (full 759):
 garbage-first heap   total 283648K, used 94176K [0x00000000c0000000, 0x0000000100000000)
  region size 1024K, 0 young (0K), 0 survivors (0K)
 Metaspace       used 70902K, committed 71424K, reserved 1114112K
  class space    used 9632K, committed 9856K, reserved 1048576K
}
Event: 47394.058 GC heap before
{Heap before GC invocations=892 (full 759):
 garbage-first heap   total 283648K, used 94176K [0x00000000c0000000, 0x0000000100000000)
  region size 1024K, 1 young (1024K), 0 survivors (0K)
 Metaspace       used 70902K, committed 71424K, reserved 1114112K
  class space    used 9632K, committed 9856K, reserved 1048576K
}
Event: 47394.159 GC heap after
{Heap after GC invocations=893 (full 760):
 garbage-first heap   total 283648K, used 94176K [0x00000000c0000000, 0x0000000100000000)
  region size 1024K, 0 young (0K), 0 survivors (0K)
 Metaspace       used 70902K, committed 71424K, reserved 1114112K
  class space    used 9632K, committed 9856K, reserved 1048576K
}
Event: 47404.715 GC heap before
{Heap before GC invocations=893 (full 760):
 garbage-first heap   total 283648K, used 94176K [0x00000000c0000000, 0x0000000100000000)
  region size 1024K, 1 young (1024K), 0 survivors (0K)
 Metaspace       used 70902K, committed 71424K, reserved 1114112K
  class space    used 9632K, committed 9856K, reserved 1048576K
}
Event: 47404.824 GC heap after
{Heap after GC invocations=894 (full 761):
 garbage-first heap   total 283648K, used 94176K [0x00000000c0000000, 0x0000000100000000)
  region size 1024K, 0 young (0K), 0 survivors (0K)
 Metaspace       used 70902K, committed 71424K, reserved 1114112K
  class space    used 9632K, committed 9856K, reserved 1048576K
}
Event: 47415.423 GC heap before
{Heap before GC invocations=894 (full 761):
 garbage-first heap   total 283648K, used 94176K [0x00000000c0000000, 0x0000000100000000)
  region size 1024K, 1 young (1024K), 0 survivors (0K)
 Metaspace       used 70902K, committed 71424K, reserved 1114112K
  class space    used 9632K, committed 9856K, reserved 1048576K
}
Event: 47415.510 GC heap after
{Heap after GC invocations=895 (full 762):
 garbage-first heap   total 283648K, used 94176K [0x00000000c0000000, 0x0000000100000000)
  region size 1024K, 0 young (0K), 0 survivors (0K)
 Metaspace       used 70902K, committed 71424K, reserved 1114112K
  class space    used 9632K, committed 9856K, reserved 1048576K
}

